e:\c源码\聊天室项目 版本1\chatroom_client\debug\vc141.pdb
e:\c源码\聊天室项目 版本1\chatroom_client\debug\vc141.idb
e:\c源码\聊天室项目 版本1\chatroom_client\debug\chatroom_clientdlg.obj
e:\c源码\聊天室项目 版本1\chatroom_client\debug\chatroom_client.obj
e:\c源码\聊天室项目 版本1\chatroom_client\debug\registerbox.obj
e:\c源码\聊天室项目 版本1\chatroom_client\debug\chatroom_client.pch
e:\c源码\聊天室项目 版本1\chatroom_client\debug\stdafx.obj
e:\c源码\聊天室项目 版本1\chatroom_client\debug\data.obj
e:\c源码\聊天室项目 版本1\chatroom_client\debug\cmysocket.obj
e:\c源码\聊天室项目 版本1\debug\chatroom_client.exe
e:\c源码\聊天室项目 版本1\debug\chatroom_client.ilk
e:\c源码\聊天室项目 版本1\debug\chatroom_client.pdb
e:\c源码\聊天室项目 版本1\chatroom_client\debug\chatroomclient.res
e:\c源码\聊天室项目 版本1\chatroom_client\debug\chatroom_clientdlg.obj.enc
e:\c源码\聊天室项目 版本1\chatroom_client\debug\chatroom_client.tlog\cl.command.1.tlog
e:\c源码\聊天室项目 版本1\chatroom_client\debug\chatroom_client.tlog\cl.read.1.tlog
e:\c源码\聊天室项目 版本1\chatroom_client\debug\chatroom_client.tlog\cl.write.1.tlog
e:\c源码\聊天室项目 版本1\chatroom_client\debug\chatroom_client.tlog\link.command.1.tlog
e:\c源码\聊天室项目 版本1\chatroom_client\debug\chatroom_client.tlog\link.read.1.tlog
e:\c源码\聊天室项目 版本1\chatroom_client\debug\chatroom_client.tlog\link.write.1.tlog
e:\c源码\聊天室项目 版本1\chatroom_client\debug\chatroom_client.tlog\rc.command.1.tlog
e:\c源码\聊天室项目 版本1\chatroom_client\debug\chatroom_client.tlog\rc.read.1.tlog
e:\c源码\聊天室项目 版本1\chatroom_client\debug\chatroom_client.tlog\rc.write.1.tlog
